<?xml version="1.0" encoding="UTF-8"?>
<testsuite name="BookTest" tests="3" skipped="0" failures="0" errors="0" timestamp="2019-01-13T21:04:35" hostname="PC-A21" time="0.017">
  <properties/>
  <testcase name="ISBNFormatIsCorrect" classname="BookTest" time="0.012"/>
  <testcase name="shouldHaveAuthorsPublisherAndISBN" classname="BookTest" time="0.004"/>
  <testcase name="artistsPublisherAndISBNAreNotEmpty" classname="BookTest" time="0.0"/>
  <system-out><![CDATA[[Robert C. Martin]
[Robert C. Martin]
]]></system-out>
  <system-err><![CDATA[]]></system-err>
</testsuite>
