<?xml version="1.0" encoding="UTF-8"?>
<testsuite name="CrawlerTest" tests="6" skipped="0" failures="0" errors="0" timestamp="2019-01-13T21:04:36" hostname="PC-A21" time="0.225">
  <properties/>
  <testcase name="scrapperScrapMethodIsCalledAsManyAsPagesFound" classname="CrawlerTest" time="0.208"/>
  <testcase name="couldExtractPageLinksFromBaseAddress" classname="CrawlerTest" time="0.01"/>
  <testcase name="ifBaseAddressIsEmptyThrowException" classname="CrawlerTest" time="0.0"/>
  <testcase name="converterConvertMediaMethodIsCalledWhenConvertingMedia" classname="CrawlerTest" time="0.003"/>
  <testcase name="shouldHaveBaseAddress" classname="CrawlerTest" time="0.001"/>
  <testcase name="converterConvertMetadataMethodIsCalledWhenConvertingMetadata" classname="CrawlerTest" time="0.001"/>
  <system-out><![CDATA[http://localhost/project/sample_site_to_crawl/catalog.php
http://localhost/project/sample_site_to_crawl/catalog.php?cat=books
http://localhost/project/sample_site_to_crawl/catalog.php?cat=movies
http://localhost/project/sample_site_to_crawl/catalog.php?cat=music
http://localhost/project/sample_site_to_crawl/suggest.php
http://localhost/project/sample_site_to_crawl/details.php?id=301
http://localhost/project/sample_site_to_crawl/details.php?id=102
http://localhost/project/sample_site_to_crawl/details.php?id=104
http://localhost/project/sample_site_to_crawl/details.php?id=101
http://localhost/project/sample_site_to_crawl/details.php?id=302
http://localhost/project/sample_site_to_crawl/details.php?id=201
http://localhost/project/sample_site_to_crawl/details.php?id=203
http://localhost/project/sample_site_to_crawl/details.php?id=303
http://localhost/project/sample_site_to_crawl/details.php?id=202
http://localhost/project/sample_site_to_crawl/details.php?id=204
http://localhost/project/sample_site_to_crawl/details.php?id=103
http://localhost/project/sample_site_to_crawl/details.php?id=304
http://twitter.com/treehouse
https://www.facebook.com/TeamTreehouse
Links found in "files/Catalog.html" : 20
scrapperScrapMethodIsCalledAsManyAsPagesFound(CrawlerTest) succeeded!

http://localhost/project/sample_site_to_crawl/catalog.php
http://localhost/project/sample_site_to_crawl/catalog.php?cat=books
http://localhost/project/sample_site_to_crawl/catalog.php?cat=movies
http://localhost/project/sample_site_to_crawl/catalog.php?cat=music
http://localhost/project/sample_site_to_crawl/suggest.php
http://localhost/project/sample_site_to_crawl/details.php?id=301
http://localhost/project/sample_site_to_crawl/details.php?id=102
http://localhost/project/sample_site_to_crawl/details.php?id=104
http://localhost/project/sample_site_to_crawl/details.php?id=101
http://localhost/project/sample_site_to_crawl/details.php?id=302
http://localhost/project/sample_site_to_crawl/details.php?id=201
http://localhost/project/sample_site_to_crawl/details.php?id=203
http://localhost/project/sample_site_to_crawl/details.php?id=303
http://localhost/project/sample_site_to_crawl/details.php?id=202
http://localhost/project/sample_site_to_crawl/details.php?id=204
http://localhost/project/sample_site_to_crawl/details.php?id=103
http://localhost/project/sample_site_to_crawl/details.php?id=304
http://twitter.com/treehouse
https://www.facebook.com/TeamTreehouse
Links found in "files/Catalog.html" : 20
couldExtractPageLinksFromBaseAddress(CrawlerTest) succeeded!

ifBaseAddressIsEmptyThrowException(CrawlerTest) succeeded!

converterConvertMediaMethodIsCalledWhenConvertingMedia(CrawlerTest) succeeded!

shouldHaveBaseAddress(CrawlerTest) succeeded!

converterConvertMetadataMethodIsCalledWhenConvertingMetadata(CrawlerTest) succeeded!

]]></system-out>
  <system-err><![CDATA[]]></system-err>
</testsuite>
