<?xml version="1.0" encoding="UTF-8"?>
<testsuite name="MusicTest" tests="2" skipped="0" failures="0" errors="0" timestamp="2019-01-13T21:04:36" hostname="PC-A21" time="0.001">
  <properties/>
  <testcase name="artistIsNotEmpty" classname="MusicTest" time="0.0"/>
  <testcase name="shouldHaveArtist" classname="MusicTest" time="0.001"/>
  <system-out><![CDATA[]]></system-out>
  <system-err><![CDATA[]]></system-err>
</testsuite>
