<?xml version="1.0" encoding="UTF-8"?>
<testsuite name="WCARestTest" tests="7" skipped="0" failures="0" errors="0" timestamp="2019-01-13T21:04:36" hostname="PC-A21" time="0.005">
  <properties/>
  <testcase name="[0] www.google.com (hasUrlStringAsRequest)" classname="WCARestTest" time="0.001"/>
  <testcase name="[1] www.yahoo.com (hasUrlStringAsRequest)" classname="WCARestTest" time="0.0"/>
  <testcase name="[2] www.bing.com (hasUrlStringAsRequest)" classname="WCARestTest" time="0.0"/>
  <testcase name="JSONStringOutputCouldBeEmpty" classname="WCARestTest" time="0.001"/>
  <testcase name="shouldReturnJSONStringAsResponse" classname="WCARestTest" time="0.001"/>
  <testcase name="ThrowExceptionWhenURLStringIsNullOrEmpty" classname="WCARestTest" time="0.0"/>
  <testcase name="urlCouldContainTypeAndKeyword" classname="WCARestTest" time="0.0"/>
  <system-out><![CDATA[]]></system-out>
  <system-err><![CDATA[]]></system-err>
</testsuite>
