<?xml version="1.0" encoding="UTF-8"?>
<testsuite name="MediaTest" tests="3" skipped="0" failures="0" errors="0" timestamp="2019-01-13T21:04:36" hostname="PC-A21" time="0.0">
  <properties/>
  <testcase name="genreFormatYearAndNameAreNotEmpty" classname="MediaTest" time="0.0"/>
  <testcase name="yearShouldBeStringOf4Number" classname="MediaTest" time="0.0"/>
  <testcase name="shouldHaveGenreFormatYearAndName" classname="MediaTest" time="0.0"/>
  <system-out><![CDATA[]]></system-out>
  <system-err><![CDATA[]]></system-err>
</testsuite>
